0 info it worked if it ends with ok
1 verbose cli [ '/usr/local/bin/node', '/usr/local/bin/npm', 'start' ]
2 info using npm@3.10.10
3 info using node@v6.10.2
4 verbose run-script [ 'prestart', 'start', 'poststart' ]
5 info lifecycle bandroom-booking-system-meteor@1.0.0~prestart: bandroom-booking-system-meteor@1.0.0
6 silly lifecycle bandroom-booking-system-meteor@1.0.0~prestart: no script for prestart, continuing
7 info lifecycle bandroom-booking-system-meteor@1.0.0~start: bandroom-booking-system-meteor@1.0.0
8 verbose lifecycle bandroom-booking-system-meteor@1.0.0~start: unsafe-perm in lifecycle true
9 verbose lifecycle bandroom-booking-system-meteor@1.0.0~start: PATH: /usr/local/lib/node_modules/npm/bin/node-gyp-bin:/Users/XCode_A/Documents/Kong/Projects/bandroom-booking-system-meteor/node_modules/.bin:/Library/Frameworks/Python.framework/Versions/3.6/bin:/Library/Frameworks/Python.framework/Versions/3.6/bin:/usr/local/bin:/usr/bin:/bin:/usr/sbin:/sbin
10 verbose lifecycle bandroom-booking-system-meteor@1.0.0~start: CWD: /Users/XCode_A/Documents/Kong/Projects/bandroom-booking-system-meteor
11 silly lifecycle bandroom-booking-system-meteor@1.0.0~start: Args: [ '-c',
11 silly lifecycle   'export MONGO_URL=mongodb://admin:admin@ds157040.mlab.com:57040/band-room-booking-system&meteor' ]
12 silly lifecycle bandroom-booking-system-meteor@1.0.0~start: Returned: code: 254  signal: null
13 info lifecycle bandroom-booking-system-meteor@1.0.0~start: Failed to exec start script
14 verbose stack Error: bandroom-booking-system-meteor@1.0.0 start: `export MONGO_URL=mongodb://admin:admin@ds157040.mlab.com:57040/band-room-booking-system&meteor`
14 verbose stack Exit status 254
14 verbose stack     at EventEmitter.<anonymous> (/usr/local/lib/node_modules/npm/lib/utils/lifecycle.js:255:16)
14 verbose stack     at emitTwo (events.js:106:13)
14 verbose stack     at EventEmitter.emit (events.js:191:7)
14 verbose stack     at ChildProcess.<anonymous> (/usr/local/lib/node_modules/npm/lib/utils/spawn.js:40:14)
14 verbose stack     at emitTwo (events.js:106:13)
14 verbose stack     at ChildProcess.emit (events.js:191:7)
14 verbose stack     at maybeClose (internal/child_process.js:886:16)
14 verbose stack     at Process.ChildProcess._handle.onexit (internal/child_process.js:226:5)
15 verbose pkgid bandroom-booking-system-meteor@1.0.0
16 verbose cwd /Users/XCode_A/Documents/Kong/Projects/bandroom-booking-system-meteor
17 error Darwin 14.5.0
18 error argv "/usr/local/bin/node" "/usr/local/bin/npm" "start"
19 error node v6.10.2
20 error npm  v3.10.10
21 error code ELIFECYCLE
22 error bandroom-booking-system-meteor@1.0.0 start: `export MONGO_URL=mongodb://admin:admin@ds157040.mlab.com:57040/band-room-booking-system&meteor`
22 error Exit status 254
23 error Failed at the bandroom-booking-system-meteor@1.0.0 start script 'export MONGO_URL=mongodb://admin:admin@ds157040.mlab.com:57040/band-room-booking-system&meteor'.
23 error Make sure you have the latest version of node.js and npm installed.
23 error If you do, this is most likely a problem with the bandroom-booking-system-meteor package,
23 error not with npm itself.
23 error Tell the author that this fails on your system:
23 error     export MONGO_URL=mongodb://admin:admin@ds157040.mlab.com:57040/band-room-booking-system&meteor
23 error You can get information on how to open an issue for this project with:
23 error     npm bugs bandroom-booking-system-meteor
23 error Or if that isn't available, you can get their info via:
23 error     npm owner ls bandroom-booking-system-meteor
23 error There is likely additional logging output above.
24 verbose exit [ 1, true ]
